
===========================================================================
 report_power
============================================================================
======================= Fastest Corner ===================================

Group                  Internal  Switching    Leakage      Total
                          Power      Power      Power      Power (Watts)
----------------------------------------------------------------
Sequential             2.43e-05   1.25e-05   1.10e-07   3.69e-05  51.4%
Combinational          1.60e-05   1.89e-05   1.32e-09   3.49e-05  48.6%
Macro                  0.00e+00   0.00e+00   0.00e+00   0.00e+00   0.0%
Pad                    0.00e+00   0.00e+00   0.00e+00   0.00e+00   0.0%
----------------------------------------------------------------
Total                  4.04e-05   3.14e-05   1.11e-07   7.18e-05 100.0%
                          56.2%      43.7%       0.2%

======================= Slowest Corner ===================================

Group                  Internal  Switching    Leakage      Total
                          Power      Power      Power      Power (Watts)
----------------------------------------------------------------
Sequential             1.66e-05   8.18e-06   4.38e-07   2.53e-05  49.4%
Combinational          1.29e-05   1.23e-05   5.85e-07   2.59e-05  50.6%
Macro                  0.00e+00   0.00e+00   0.00e+00   0.00e+00   0.0%
Pad                    0.00e+00   0.00e+00   0.00e+00   0.00e+00   0.0%
----------------------------------------------------------------
Total                  2.96e-05   2.05e-05   1.02e-06   5.11e-05 100.0%
                          57.9%      40.1%       2.0%

======================= Typical Corner ===================================

Group                  Internal  Switching    Leakage      Total
                          Power      Power      Power      Power (Watts)
----------------------------------------------------------------
Sequential             2.12e-05   1.05e-05   1.10e-07   3.18e-05  50.2%
Combinational          1.56e-05   1.59e-05   9.77e-10   3.15e-05  49.8%
Macro                  0.00e+00   0.00e+00   0.00e+00   0.00e+00   0.0%
Pad                    0.00e+00   0.00e+00   0.00e+00   0.00e+00   0.0%
----------------------------------------------------------------
Total                  3.68e-05   2.64e-05   1.11e-07   6.33e-05 100.0%
                          58.1%      41.7%       0.2%

