Instance name,  X location,  Y location,  Voltage 
input3, 86.5, 87.04, 1.7948e-05
FILLER_0_27_174, 86.5, 87.04, 1.7948e-05
input29, 86.5, 81.6, 1.6939e-05
input30, 86.5, 81.6, 1.6939e-05
FILLER_0_25_181, 86.5, 76.16, 1.59378e-05
FILLER_0_22_177, 86.5, 70.72, 1.61137e-05
FILLER_0_23_181, 86.5, 70.72, 1.61137e-05
FILLER_0_21_181, 86.5, 65.28, 1.66034e-05
FILLER_0_19_181, 86.5, 59.84, 1.75691e-05
FILLER_0_15_165, 86.5, 54.4, 1.73495e-05
FILLER_0_17_181, 86.5, 54.4, 1.73495e-05
FILLER_0_14_180, 86.5, 48.96, 1.58774e-05
FILLER_0_15_181, 86.5, 48.96, 1.58774e-05
FILLER_0_12_180, 86.5, 43.52, 1.54528e-05
FILLER_0_13_181, 86.5, 43.52, 1.54528e-05
FILLER_0_10_180, 86.5, 38.08, 1.40748e-05
FILLER_0_11_181, 86.5, 38.08, 1.40748e-05
FILLER_0_9_181, 86.5, 32.64, 1.45958e-05
FILLER_0_6_177, 86.5, 27.2, 1.39202e-05
FILLER_0_7_181, 86.5, 27.2, 1.39202e-05
FILLER_0_5_181, 86.5, 21.76, 1.34211e-05
FILLER_0_2_177, 86.5, 16.32, 1.39223e-05
FILLER_0_3_181, 86.5, 16.32, 1.39223e-05
_135_, 86.5, 10.88, 1.58166e-05
input6, 86.5, 10.88, 1.58166e-05
input13, 86.5, 10.88, 1.58166e-05
FILLER_0_0_165, 86.5, 10.88, 1.58166e-05
FILLER_0_0_174, 86.5, 10.88, 1.58166e-05
input10, 64.305, 87.04, 1.78758e-05
FILLER_0_26_133, 64.305, 81.6, 1.64039e-05
FILLER_0_27_137, 64.305, 81.6, 1.64039e-05
FILLER_0_24_133, 64.305, 76.16, 1.60714e-05
FILLER_0_22_133, 64.305, 70.72, 1.60026e-05
_114_, 64.305, 65.28, 1.74013e-05
FILLER_0_20_131, 64.305, 65.28, 1.74013e-05
_116_, 64.305, 59.84, 2.17684e-05
_148_, 64.305, 59.84, 2.17684e-05
_152_, 64.305, 59.84, 2.17684e-05
_153_, 64.305, 59.84, 2.17684e-05
FILLER_0_17_122, 64.305, 59.84, 2.17684e-05
_151_, 64.305, 54.4, 2.18808e-05
_158_, 64.305, 54.4, 2.18808e-05
_193_, 64.305, 54.4, 2.18808e-05
_194_, 64.305, 54.4, 2.18808e-05
_216_, 64.305, 54.4, 2.18808e-05
FILLER_0_16_124, 64.305, 54.4, 2.18808e-05
_131_, 64.305, 48.96, 1.97181e-05
_156_, 64.305, 48.96, 1.97181e-05
_159_, 64.305, 48.96, 1.97181e-05
_196_, 64.305, 48.96, 1.97181e-05
_217_, 64.305, 48.96, 1.97181e-05
FILLER_0_13_121, 64.305, 48.96, 1.97181e-05
FILLER_0_14_136, 64.305, 48.96, 1.97181e-05
_195_, 64.305, 43.52, 1.97666e-05
_218_, 64.305, 43.52, 1.97666e-05
_219_, 64.305, 43.52, 1.97666e-05
FILLER_0_11_124, 64.305, 43.52, 1.97666e-05
_133_, 64.305, 38.08, 1.52543e-05
_154_, 64.305, 38.08, 1.52543e-05
_160_, 64.305, 38.08, 1.52543e-05
_162_, 64.305, 38.08, 1.52543e-05
_198_, 64.305, 38.08, 1.52543e-05
FILLER_0_10_132, 64.305, 38.08, 1.52543e-05
_161_, 64.305, 32.64, 1.62191e-05
_164_, 64.305, 32.64, 1.62191e-05
_199_, 64.305, 32.64, 1.62191e-05
_221_, 64.305, 32.64, 1.62191e-05
_222_, 64.305, 32.64, 1.62191e-05
FILLER_0_7_116, 64.305, 32.64, 1.62191e-05
FILLER_0_8_135, 64.305, 32.64, 1.62191e-05
FILLER_0_6_133, 64.305, 27.2, 1.33012e-05
FILLER_0_4_133, 64.305, 21.76, 1.31503e-05
FILLER_0_2_133, 64.305, 16.32, 1.33437e-05
input33, 64.305, 10.88, 1.45602e-05
FILLER_0_0_137, 64.305, 10.88, 1.45602e-05
input32, 42.11, 87.04, 1.79996e-05
FILLER_0_27_69, 42.11, 87.04, 1.79996e-05
FILLER_0_27_76, 42.11, 87.04, 1.79996e-05
FILLER_0_26_77, 42.11, 81.6, 1.63816e-05
FILLER_0_24_77, 42.11, 76.16, 1.62174e-05
FILLER_0_22_77, 42.11, 70.72, 1.59873e-05
_145_, 42.11, 65.28, 1.88861e-05
FILLER_0_19_69, 42.11, 65.28, 1.88861e-05
FILLER_0_20_77, 42.11, 65.28, 1.88861e-05
_122_, 42.11, 59.84, 2.60343e-05
_126_, 42.11, 59.84, 2.60343e-05
_144_, 42.11, 59.84, 2.60343e-05
_181_, 42.11, 59.84, 2.60343e-05
_191_, 42.11, 59.84, 2.60343e-05
_205_, 42.11, 59.84, 2.60343e-05
_214_, 42.11, 59.84, 2.60343e-05
FILLER_0_18_85, 42.11, 59.84, 2.60343e-05
_141_, 42.11, 54.4, 2.74883e-05
_188_, 42.11, 54.4, 2.74883e-05
_212_, 42.11, 54.4, 2.74883e-05
FILLER_0_16_73, 42.11, 54.4, 2.74883e-05
FILLER_0_16_80, 42.11, 54.4, 2.74883e-05
_137_, 42.11, 48.96, 2.15588e-05
_140_, 42.11, 48.96, 2.15588e-05
_180_, 42.11, 48.96, 2.15588e-05
_204_, 42.11, 48.96, 2.15588e-05
FILLER_0_14_69, 42.11, 48.96, 2.15588e-05
FILLER_0_15_84, 42.11, 48.96, 2.15588e-05
_138_, 42.11, 43.52, 3.19769e-05
_169_, 42.11, 43.52, 3.19769e-05
_171_, 42.11, 43.52, 3.19769e-05
_185_, 42.11, 43.52, 3.19769e-05
_209_, 42.11, 43.52, 3.19769e-05
_226_, 42.11, 43.52, 3.19769e-05
FILLER_0_13_86, 42.11, 43.52, 3.19769e-05
_120_, 42.11, 38.08, 1.48245e-05
_170_, 42.11, 38.08, 1.48245e-05
FILLER_0_10_75, 42.11, 38.08, 1.48245e-05
FILLER_0_10_81, 42.11, 38.08, 1.48245e-05
FILLER_0_10_88, 42.11, 38.08, 1.48245e-05
_201_, 42.11, 32.64, 1.42621e-05
_224_, 42.11, 32.64, 1.42621e-05
FILLER_0_8_77, 42.11, 32.64, 1.42621e-05
FILLER_0_8_85, 42.11, 32.64, 1.42621e-05
FILLER_0_6_77, 42.11, 27.2, 1.26528e-05
FILLER_0_4_77, 42.11, 21.76, 1.27332e-05
FILLER_0_2_77, 42.11, 16.32, 1.28788e-05
input28, 42.11, 10.88, 1.42217e-05
FILLER_0_0_69, 42.11, 10.88, 1.42217e-05
FILLER_0_0_77, 42.11, 10.88, 1.42217e-05
input2, 19.915, 87.04, 1.81921e-05
FILLER_0_27_24, 19.915, 87.04, 1.81921e-05
FILLER_0_18_41, 19.915, 59.84, 2.13668e-05
_182_, 19.915, 54.4, 2.14664e-05
_206_, 19.915, 54.4, 2.14664e-05
FILLER_0_14_41, 19.915, 48.96, 1.93807e-05
FILLER_0_15_39, 19.915, 48.96, 1.93807e-05
_139_, 19.915, 43.52, 2.59522e-05
FILLER_0_12_29, 19.915, 43.52, 2.59522e-05
FILLER_0_12_37, 19.915, 43.52, 2.59522e-05
FILLER_0_13_39, 19.915, 43.52, 2.59522e-05
_136_, 19.915, 38.08, 1.43913e-05
FILLER_0_10_41, 19.915, 38.08, 1.43913e-05
input25, 19.915, 10.88, 1.56305e-05
FILLER_0_0_25, 19.915, 10.88, 1.56305e-05
FILLER_0_1_39, 19.915, 10.88, 1.56305e-05
PHY_54, 5.52, 87.04, 1.87881e-05
PHY_55, 94.3, 87.04, 1.86041e-05
input22, 94.3, 87.04, 1.86041e-05
input20, 12.717, 87.04, 1.87881e-05
input19, 31.012, 87.04, 1.84592e-05
FILLER_0_27_46, 31.012, 87.04, 1.84592e-05
input17, 53.207, 87.04, 1.87324e-05
FILLER_0_27_97, 53.207, 87.04, 1.87324e-05
input7, 75.402, 87.04, 1.82819e-05
PHY_50, 5.52, 81.6, 1.76611e-05
PHY_52, 5.52, 81.6, 1.76611e-05
input11, 5.52, 81.6, 1.76611e-05
output35, 5.52, 81.6, 1.76611e-05
PHY_51, 94.3, 81.6, 1.6939e-05
PHY_53, 94.3, 81.6, 1.6939e-05
FILLER_0_26_18, 12.717, 81.6, 1.71932e-05
FILLER_0_27_105, 53.207, 81.6, 1.63928e-05
FILLER_0_27_113, 53.207, 81.6, 1.63928e-05
FILLER_0_27_158, 75.402, 81.6, 1.66714e-05
PHY_46, 5.52, 76.16, 1.75778e-05
PHY_48, 5.52, 76.16, 1.75778e-05
input12, 5.52, 76.16, 1.75778e-05
PHY_47, 94.3, 76.16, 1.59378e-05
PHY_49, 94.3, 76.16, 1.59378e-05
FILLER_0_23_51, 31.012, 76.16, 1.64083e-05
FILLER_0_25_105, 53.207, 76.16, 1.61444e-05
FILLER_0_25_161, 75.402, 76.16, 1.60046e-05
PHY_42, 5.52, 70.72, 1.59426e-05
PHY_44, 5.52, 70.72, 1.59426e-05
PHY_43, 94.3, 70.72, 1.64838e-05
PHY_45, 94.3, 70.72, 1.64838e-05
input15, 94.3, 70.72, 1.64838e-05
FILLER_0_21_51, 31.012, 70.72, 1.59649e-05
FILLER_0_23_105, 53.207, 70.72, 1.59949e-05
FILLER_0_23_161, 75.402, 70.72, 1.60581e-05
PHY_38, 5.52, 65.28, 1.787e-05
PHY_40, 5.52, 65.28, 1.787e-05
input8, 5.52, 65.28, 1.787e-05
PHY_39, 94.3, 65.28, 1.72033e-05
PHY_41, 94.3, 65.28, 1.72033e-05
input9, 94.3, 65.28, 1.72033e-05
FILLER_0_20_18, 12.717, 65.28, 1.74833e-05
FILLER_0_19_51, 31.012, 65.28, 1.79912e-05
_147_, 53.207, 65.28, 1.9219e-05
_192_, 53.207, 65.28, 1.9219e-05
FILLER_0_20_97, 53.207, 65.28, 1.9219e-05
FILLER_0_21_105, 53.207, 65.28, 1.9219e-05
FILLER_0_21_161, 75.402, 65.28, 1.70024e-05
PHY_34, 5.52, 59.84, 2.13668e-05
PHY_36, 5.52, 59.84, 2.13668e-05
PHY_35, 94.3, 59.84, 1.75691e-05
PHY_37, 94.3, 59.84, 1.75691e-05
FILLER_0_18_186, 94.3, 59.84, 1.75691e-05
_123_, 31.012, 59.84, 2.78791e-05
_172_, 31.012, 59.84, 2.78791e-05
_175_, 31.012, 59.84, 2.78791e-05
_176_, 31.012, 59.84, 2.78791e-05
_183_, 31.012, 59.84, 2.78791e-05
_207_, 31.012, 59.84, 2.78791e-05
_115_, 53.207, 59.84, 2.89065e-05
_124_, 53.207, 59.84, 2.89065e-05
_146_, 53.207, 59.84, 2.89065e-05
_190_, 53.207, 59.84, 2.89065e-05
_213_, 53.207, 59.84, 2.89065e-05
_215_, 53.207, 59.84, 2.89065e-05
FILLER_0_17_100, 53.207, 59.84, 2.89065e-05
FILLER_0_18_93, 53.207, 59.84, 2.89065e-05
_149_, 75.402, 59.84, 2.02332e-05
PHY_30, 5.52, 54.4, 2.24542e-05
PHY_32, 5.52, 54.4, 2.24542e-05
input31, 5.52, 54.4, 2.24542e-05
PHY_31, 94.3, 54.4, 1.77401e-05
PHY_33, 94.3, 54.4, 1.77401e-05
input14, 94.3, 54.4, 1.77401e-05
FILLER_0_16_185, 94.3, 54.4, 1.77401e-05
FILLER_0_16_18, 12.717, 54.4, 2.19603e-05
_128_, 31.012, 54.4, 2.45809e-05
_173_, 31.012, 54.4, 2.45809e-05
_174_, 31.012, 54.4, 2.45809e-05
_178_, 31.012, 54.4, 2.45809e-05
_179_, 31.012, 54.4, 2.45809e-05
_184_, 31.012, 54.4, 2.45809e-05
FILLER_0_17_67, 31.012, 54.4, 2.45809e-05
_117_, 53.207, 54.4, 2.86817e-05
_125_, 53.207, 54.4, 2.86817e-05
_142_, 53.207, 54.4, 2.86817e-05
_143_, 53.207, 54.4, 2.86817e-05
_157_, 53.207, 54.4, 2.86817e-05
FILLER_0_17_109, 53.207, 54.4, 2.86817e-05
_112_, 75.402, 54.4, 1.97635e-05
_150_, 75.402, 54.4, 1.97635e-05
PHY_26, 5.52, 48.96, 1.93808e-05
PHY_28, 5.52, 48.96, 1.93808e-05
PHY_27, 94.3, 48.96, 1.58774e-05
PHY_29, 94.3, 48.96, 1.58774e-05
_121_, 31.012, 48.96, 2.55208e-05
_132_, 31.012, 48.96, 2.55208e-05
_177_, 31.012, 48.96, 2.55208e-05
_186_, 31.012, 48.96, 2.55208e-05
_187_, 31.012, 48.96, 2.55208e-05
_208_, 31.012, 48.96, 2.55208e-05
_102_, 53.207, 48.96, 2.52177e-05
_108_, 53.207, 48.96, 2.52177e-05
_113_, 53.207, 48.96, 2.52177e-05
_197_, 53.207, 48.96, 2.52177e-05
_203_, 53.207, 48.96, 2.52177e-05
_220_, 53.207, 48.96, 2.52177e-05
_111_, 75.402, 48.96, 1.79456e-05
PHY_22, 5.52, 43.52, 2.88848e-05
PHY_24, 5.52, 43.52, 2.88848e-05
output34, 5.52, 43.52, 2.88848e-05
PHY_23, 94.3, 43.52, 1.54528e-05
PHY_25, 94.3, 43.52, 1.54528e-05
FILLER_0_12_21, 12.717, 43.52, 2.74186e-05
_168_, 31.012, 43.52, 3.33588e-05
_211_, 31.012, 43.52, 3.33588e-05
FILLER_0_11_52, 31.012, 43.52, 3.33588e-05
_103_, 53.207, 43.52, 2.6511e-05
_129_, 53.207, 43.52, 2.6511e-05
_130_, 53.207, 43.52, 2.6511e-05
_134_, 53.207, 43.52, 2.6511e-05
_167_, 53.207, 43.52, 2.6511e-05
_202_, 53.207, 43.52, 2.6511e-05
FILLER_0_13_107, 53.207, 43.52, 2.6511e-05
FILLER_0_13_113, 53.207, 43.52, 2.6511e-05
_109_, 75.402, 43.52, 1.79086e-05
_110_, 75.402, 43.52, 1.79086e-05
PHY_18, 5.52, 38.08, 1.43913e-05
PHY_20, 5.52, 38.08, 1.43913e-05
PHY_19, 94.3, 38.08, 1.40748e-05
PHY_21, 94.3, 38.08, 1.40748e-05
output36, 94.3, 38.08, 1.40748e-05
_118_, 31.012, 38.08, 1.57474e-05
_119_, 31.012, 38.08, 1.57474e-05
_210_, 31.012, 38.08, 1.57474e-05
FILLER_0_9_51, 31.012, 38.08, 1.57474e-05
FILLER_0_10_67, 31.012, 38.08, 1.57474e-05
FILLER_0_11_57, 31.012, 38.08, 1.57474e-05
FILLER_0_11_66, 31.012, 38.08, 1.57474e-05
_155_, 53.207, 38.08, 1.78697e-05
_189_, 53.207, 38.08, 1.78697e-05
_225_, 53.207, 38.08, 1.78697e-05
_106_, 75.402, 38.08, 1.49684e-05
_107_, 75.402, 38.08, 1.49684e-05
FILLER_0_11_160, 75.402, 38.08, 1.49684e-05
PHY_14, 5.52, 32.64, 1.31347e-05
PHY_16, 5.52, 32.64, 1.31347e-05
PHY_15, 94.3, 32.64, 1.45958e-05
PHY_17, 94.3, 32.64, 1.45958e-05
FILLER_0_8_186, 94.3, 32.64, 1.45958e-05
_104_, 53.207, 32.64, 1.6448e-05
_163_, 53.207, 32.64, 1.6448e-05
_166_, 53.207, 32.64, 1.6448e-05
_200_, 53.207, 32.64, 1.6448e-05
_223_, 53.207, 32.64, 1.6448e-05
_165_, 75.402, 32.64, 1.59143e-05
FILLER_0_9_163, 75.402, 32.64, 1.59143e-05
PHY_10, 5.52, 27.2, 1.43181e-05
PHY_12, 5.52, 27.2, 1.43181e-05
input4, 5.52, 27.2, 1.43181e-05
PHY_11, 94.3, 27.2, 1.44868e-05
PHY_13, 94.3, 27.2, 1.44868e-05
input27, 94.3, 27.2, 1.44868e-05
FILLER_0_5_51, 31.012, 27.2, 1.29542e-05
_105_, 53.207, 27.2, 1.31226e-05
FILLER_0_7_105, 53.207, 27.2, 1.31226e-05
FILLER_0_7_158, 75.402, 27.2, 1.36107e-05
PHY_6, 5.52, 21.76, 1.44549e-05
PHY_8, 5.52, 21.76, 1.44549e-05
input26, 5.52, 21.76, 1.44549e-05
PHY_7, 94.3, 21.76, 1.34211e-05
PHY_9, 94.3, 21.76, 1.34211e-05
FILLER_0_4_18, 12.717, 21.76, 1.39207e-05
FILLER_0_3_51, 31.012, 21.76, 1.30598e-05
FILLER_0_5_105, 53.207, 21.76, 1.29417e-05
FILLER_0_5_161, 75.402, 21.76, 1.32857e-05
PHY_2, 5.52, 16.32, 1.31374e-05
PHY_4, 5.52, 16.32, 1.31374e-05
PHY_3, 94.3, 16.32, 1.43134e-05
PHY_5, 94.3, 16.32, 1.43134e-05
input23, 94.3, 16.32, 1.43134e-05
FILLER_0_1_186, 94.3, 16.32, 1.43134e-05
_127_, 31.012, 16.32, 1.31919e-05
FILLER_0_1_50, 31.012, 16.32, 1.31919e-05
FILLER_0_3_105, 53.207, 16.32, 1.31113e-05
FILLER_0_3_161, 75.402, 16.32, 1.3633e-05
PHY_0, 5.52, 10.88, 1.81636e-05
input16, 5.52, 10.88, 1.81636e-05
input18, 5.52, 10.88, 1.81636e-05
PHY_1, 94.3, 10.88, 1.61562e-05
input1, 94.3, 10.88, 1.61562e-05
input24, 12.717, 10.88, 1.71683e-05
input5, 31.012, 10.88, 1.53176e-05
FILLER_0_0_46, 31.012, 10.88, 1.53176e-05
FILLER_0_0_109, 53.207, 10.88, 1.43909e-05
FILLER_0_0_113, 53.207, 10.88, 1.43909e-05
FILLER_0_1_105, 53.207, 10.88, 1.43909e-05
input21, 75.402, 10.88, 1.54534e-05
FILLER_0_0_141, 75.402, 10.88, 1.54534e-05
FILLER_0_1_161, 75.402, 10.88, 1.54534e-05

