Instance name,  X location,  Y location,  Voltage 
input3, 83.2, 84.32, 1.79998
FILLER_0_27_158, 83.2, 84.32, 1.79998
FILLER_0_27_174, 83.2, 84.32, 1.79998
FILLER_0_25_161, 83.2, 78.88, 1.79999
FILLER_0_23_161, 83.2, 73.44, 1.79999
FILLER_0_21_161, 83.2, 68, 1.79999
FILLER_0_22_177, 83.2, 68, 1.79999
FILLER_0_15_165, 83.2, 51.68, 1.79998
FILLER_0_14_180, 83.2, 46.24, 1.79998
FILLER_0_11_160, 83.2, 40.8, 1.79998
FILLER_0_12_180, 83.2, 40.8, 1.79998
FILLER_0_9_163, 83.2, 35.36, 1.79998
FILLER_0_10_180, 83.2, 35.36, 1.79998
FILLER_0_7_158, 83.2, 29.92, 1.79998
FILLER_0_5_161, 83.2, 24.48, 1.79998
FILLER_0_6_177, 83.2, 24.48, 1.79998
FILLER_0_3_161, 83.2, 19.04, 1.79998
input6, 83.2, 13.6, 1.79998
FILLER_0_0_165, 83.2, 13.6, 1.79998
FILLER_0_0_174, 83.2, 13.6, 1.79998
FILLER_0_1_161, 83.2, 13.6, 1.79998
FILLER_0_2_177, 83.2, 13.6, 1.79998
input10, 61.005, 84.32, 1.79999
FILLER_0_27_113, 61.005, 84.32, 1.79999
_114_, 61.005, 68, 1.79999
_192_, 61.005, 68, 1.79999
_215_, 61.005, 62.56, 1.79998
FILLER_0_20_131, 61.005, 62.56, 1.79998
_116_, 61.005, 57.12, 1.79998
_143_, 61.005, 57.12, 1.79998
_148_, 61.005, 57.12, 1.79998
_158_, 61.005, 57.12, 1.79998
_193_, 61.005, 57.12, 1.79998
FILLER_0_17_109, 61.005, 57.12, 1.79998
FILLER_0_17_122, 61.005, 57.12, 1.79998
_108_, 61.005, 51.68, 1.79998
_131_, 61.005, 51.68, 1.79998
_151_, 61.005, 51.68, 1.79998
_197_, 61.005, 51.68, 1.79998
_220_, 61.005, 51.68, 1.79998
FILLER_0_16_124, 61.005, 51.68, 1.79998
_103_, 61.005, 46.24, 1.79997
_134_, 61.005, 46.24, 1.79997
_156_, 61.005, 46.24, 1.79997
_159_, 61.005, 46.24, 1.79997
_195_, 61.005, 46.24, 1.79997
_196_, 61.005, 46.24, 1.79997
_218_, 61.005, 46.24, 1.79997
_219_, 61.005, 46.24, 1.79997
FILLER_0_13_113, 61.005, 46.24, 1.79997
FILLER_0_13_121, 61.005, 46.24, 1.79997
_133_, 61.005, 40.8, 1.79998
_154_, 61.005, 40.8, 1.79998
_155_, 61.005, 40.8, 1.79998
FILLER_0_11_124, 61.005, 40.8, 1.79998
_160_, 61.005, 35.36, 1.79998
_162_, 61.005, 35.36, 1.79998
_163_, 61.005, 35.36, 1.79998
_198_, 61.005, 35.36, 1.79998
_221_, 61.005, 35.36, 1.79998
FILLER_0_10_132, 61.005, 35.36, 1.79998
_105_, 61.005, 29.92, 1.79998
_161_, 61.005, 29.92, 1.79998
_164_, 61.005, 29.92, 1.79998
_199_, 61.005, 29.92, 1.79998
_222_, 61.005, 29.92, 1.79998
FILLER_0_7_116, 61.005, 29.92, 1.79998
input33, 61.005, 13.6, 1.79998
FILLER_0_0_109, 61.005, 13.6, 1.79998
FILLER_0_0_113, 61.005, 13.6, 1.79998
input32, 38.81, 84.32, 1.79998
FILLER_0_27_69, 38.81, 84.32, 1.79998
FILLER_0_27_76, 38.81, 84.32, 1.79998
FILLER_0_26_77, 38.81, 78.88, 1.79999
FILLER_0_24_77, 38.81, 73.44, 1.79999
FILLER_0_22_77, 38.81, 68, 1.79999
_145_, 38.81, 62.56, 1.79998
FILLER_0_19_69, 38.81, 62.56, 1.79998
FILLER_0_20_77, 38.81, 62.56, 1.79998
_122_, 38.81, 57.12, 1.79997
_126_, 38.81, 57.12, 1.79997
_128_, 38.81, 57.12, 1.79997
_144_, 38.81, 57.12, 1.79997
_174_, 38.81, 57.12, 1.79997
_181_, 38.81, 57.12, 1.79997
_205_, 38.81, 57.12, 1.79997
FILLER_0_17_67, 38.81, 57.12, 1.79997
_121_, 38.81, 51.68, 1.79997
_132_, 38.81, 51.68, 1.79997
_141_, 38.81, 51.68, 1.79997
_188_, 38.81, 51.68, 1.79997
FILLER_0_14_69, 38.81, 51.68, 1.79997
FILLER_0_15_84, 38.81, 51.68, 1.79997
FILLER_0_16_73, 38.81, 51.68, 1.79997
FILLER_0_16_80, 38.81, 51.68, 1.79997
_137_, 38.81, 46.24, 1.79997
_138_, 38.81, 46.24, 1.79997
_140_, 38.81, 46.24, 1.79997
_180_, 38.81, 46.24, 1.79997
_119_, 38.81, 40.8, 1.79997
_169_, 38.81, 40.8, 1.79997
_171_, 38.81, 40.8, 1.79997
_185_, 38.81, 40.8, 1.79997
_209_, 38.81, 40.8, 1.79997
FILLER_0_10_67, 38.81, 40.8, 1.79997
FILLER_0_11_66, 38.81, 40.8, 1.79997
_170_, 38.81, 35.36, 1.79998
_201_, 38.81, 35.36, 1.79998
FILLER_0_10_75, 38.81, 35.36, 1.79998
FILLER_0_10_81, 38.81, 35.36, 1.79998
FILLER_0_8_77, 38.81, 29.92, 1.79998
FILLER_0_6_77, 38.81, 24.48, 1.79998
FILLER_0_4_77, 38.81, 19.04, 1.79998
input28, 38.81, 13.6, 1.79998
FILLER_0_0_69, 38.81, 13.6, 1.79998
FILLER_0_0_77, 38.81, 13.6, 1.79998
FILLER_0_2_77, 38.81, 13.6, 1.79998
input2, 16.615, 84.32, 1.79998
FILLER_0_26_18, 16.615, 84.32, 1.79998
FILLER_0_27_24, 16.615, 84.32, 1.79998
FILLER_0_20_18, 16.615, 68, 1.79998
FILLER_0_16_18, 16.615, 57.12, 1.79998
FILLER_0_12_21, 16.615, 46.24, 1.79998
FILLER_0_12_29, 16.615, 40.8, 1.79997
FILLER_0_4_18, 16.615, 24.48, 1.79998
input25, 16.615, 13.6, 1.79998
FILLER_0_0_25, 16.615, 13.6, 1.79998
PHY_52, 5.52, 84.32, 1.79998
PHY_54, 5.52, 84.32, 1.79998
input20, 5.52, 84.32, 1.79998
output35, 5.52, 84.32, 1.79998
PHY_53, 94.3, 84.32, 1.79998
PHY_55, 94.3, 84.32, 1.79998
input22, 94.3, 84.32, 1.79998
input29, 94.3, 84.32, 1.79998
input30, 94.3, 84.32, 1.79998
input19, 27.712, 84.32, 1.79998
FILLER_0_27_46, 27.712, 84.32, 1.79998
input17, 49.907, 84.32, 1.79998
FILLER_0_27_97, 49.907, 84.32, 1.79998
FILLER_0_27_105, 49.907, 84.32, 1.79998
input7, 72.102, 84.32, 1.79998
FILLER_0_26_133, 72.102, 84.32, 1.79998
FILLER_0_27_137, 72.102, 84.32, 1.79998
PHY_48, 5.52, 78.88, 1.79998
PHY_50, 5.52, 78.88, 1.79998
input11, 5.52, 78.88, 1.79998
input12, 5.52, 78.88, 1.79998
PHY_49, 94.3, 78.88, 1.79999
PHY_51, 94.3, 78.88, 1.79999
FILLER_0_25_181, 94.3, 78.88, 1.79999
FILLER_0_25_105, 49.907, 78.88, 1.79999
FILLER_0_24_133, 72.102, 78.88, 1.79999
PHY_44, 5.52, 73.44, 1.79998
PHY_46, 5.52, 73.44, 1.79998
PHY_45, 94.3, 73.44, 1.79999
PHY_47, 94.3, 73.44, 1.79999
input15, 94.3, 73.44, 1.79999
FILLER_0_23_181, 94.3, 73.44, 1.79999
FILLER_0_23_51, 27.712, 73.44, 1.79999
FILLER_0_23_105, 49.907, 73.44, 1.79999
FILLER_0_22_133, 72.102, 73.44, 1.79999
PHY_40, 5.52, 68, 1.79998
PHY_42, 5.52, 68, 1.79998
PHY_41, 94.3, 68, 1.79999
PHY_43, 94.3, 68, 1.79999
FILLER_0_21_181, 94.3, 68, 1.79999
FILLER_0_21_51, 27.712, 68, 1.79999
FILLER_0_21_105, 49.907, 68, 1.79999
PHY_36, 5.52, 62.56, 1.79998
PHY_38, 5.52, 62.56, 1.79998
input8, 5.52, 62.56, 1.79998
PHY_37, 94.3, 62.56, 1.79999
PHY_39, 94.3, 62.56, 1.79999
input9, 94.3, 62.56, 1.79999
FILLER_0_18_186, 94.3, 62.56, 1.79999
FILLER_0_19_181, 94.3, 62.56, 1.79999
_176_, 27.712, 62.56, 1.79998
FILLER_0_18_41, 27.712, 62.56, 1.79998
FILLER_0_19_51, 27.712, 62.56, 1.79998
_115_, 49.907, 62.56, 1.79998
_146_, 49.907, 62.56, 1.79998
_147_, 49.907, 62.56, 1.79998
_191_, 49.907, 62.56, 1.79998
_214_, 49.907, 62.56, 1.79998
FILLER_0_18_85, 49.907, 62.56, 1.79998
FILLER_0_18_93, 49.907, 62.56, 1.79998
FILLER_0_20_97, 49.907, 62.56, 1.79998
_149_, 72.102, 62.56, 1.79998
_152_, 72.102, 62.56, 1.79998
_153_, 72.102, 62.56, 1.79998
PHY_32, 5.52, 57.12, 1.79998
PHY_34, 5.52, 57.12, 1.79998
PHY_33, 94.3, 57.12, 1.79998
PHY_35, 94.3, 57.12, 1.79998
FILLER_0_16_185, 94.3, 57.12, 1.79998
FILLER_0_17_181, 94.3, 57.12, 1.79998
_123_, 27.712, 57.12, 1.79997
_172_, 27.712, 57.12, 1.79997
_173_, 27.712, 57.12, 1.79997
_175_, 27.712, 57.12, 1.79997
_182_, 27.712, 57.12, 1.79997
_183_, 27.712, 57.12, 1.79997
_206_, 27.712, 57.12, 1.79997
_207_, 27.712, 57.12, 1.79997
_124_, 49.907, 57.12, 1.79997
_142_, 49.907, 57.12, 1.79997
_190_, 49.907, 57.12, 1.79997
_212_, 49.907, 57.12, 1.79997
_213_, 49.907, 57.12, 1.79997
FILLER_0_17_100, 49.907, 57.12, 1.79997
_150_, 72.102, 57.12, 1.79998
_194_, 72.102, 57.12, 1.79998
_216_, 72.102, 57.12, 1.79998
PHY_28, 5.52, 51.68, 1.79998
PHY_30, 5.52, 51.68, 1.79998
input31, 5.52, 51.68, 1.79998
PHY_29, 94.3, 51.68, 1.79998
PHY_31, 94.3, 51.68, 1.79998
input14, 94.3, 51.68, 1.79998
FILLER_0_15_181, 94.3, 51.68, 1.79998
_177_, 27.712, 51.68, 1.79997
_178_, 27.712, 51.68, 1.79997
_179_, 27.712, 51.68, 1.79997
_184_, 27.712, 51.68, 1.79997
_208_, 27.712, 51.68, 1.79997
FILLER_0_14_41, 27.712, 51.68, 1.79997
FILLER_0_15_39, 27.712, 51.68, 1.79997
_117_, 49.907, 51.68, 1.79998
_125_, 49.907, 51.68, 1.79998
_157_, 49.907, 51.68, 1.79998
_204_, 49.907, 51.68, 1.79998
_111_, 72.102, 51.68, 1.79998
_112_, 72.102, 51.68, 1.79998
_217_, 72.102, 51.68, 1.79998
FILLER_0_14_136, 72.102, 51.68, 1.79998
PHY_24, 5.52, 46.24, 1.79998
PHY_26, 5.52, 46.24, 1.79998
PHY_25, 94.3, 46.24, 1.79998
PHY_27, 94.3, 46.24, 1.79998
FILLER_0_13_181, 94.3, 46.24, 1.79998
_139_, 27.712, 46.24, 1.79997
_186_, 27.712, 46.24, 1.79997
_187_, 27.712, 46.24, 1.79997
FILLER_0_12_37, 27.712, 46.24, 1.79997
FILLER_0_13_39, 27.712, 46.24, 1.79997
_102_, 49.907, 46.24, 1.79996
_113_, 49.907, 46.24, 1.79996
_202_, 49.907, 46.24, 1.79996
_203_, 49.907, 46.24, 1.79996
_226_, 49.907, 46.24, 1.79996
FILLER_0_13_86, 49.907, 46.24, 1.79996
FILLER_0_13_107, 49.907, 46.24, 1.79996
_109_, 72.102, 46.24, 1.79998
_110_, 72.102, 46.24, 1.79998
PHY_20, 5.52, 40.8, 1.79997
PHY_22, 5.52, 40.8, 1.79997
output34, 5.52, 40.8, 1.79997
PHY_21, 94.3, 40.8, 1.79998
PHY_23, 94.3, 40.8, 1.79998
output36, 94.3, 40.8, 1.79998
FILLER_0_11_181, 94.3, 40.8, 1.79998
_118_, 27.712, 40.8, 1.79996
_136_, 27.712, 40.8, 1.79996
_168_, 27.712, 40.8, 1.79996
_210_, 27.712, 40.8, 1.79996
_211_, 27.712, 40.8, 1.79996
FILLER_0_10_41, 27.712, 40.8, 1.79996
FILLER_0_11_52, 27.712, 40.8, 1.79996
FILLER_0_11_57, 27.712, 40.8, 1.79996
_120_, 49.907, 40.8, 1.79997
_129_, 49.907, 40.8, 1.79997
_130_, 49.907, 40.8, 1.79997
_167_, 49.907, 40.8, 1.79997
_189_, 49.907, 40.8, 1.79997
FILLER_0_10_88, 49.907, 40.8, 1.79997
_107_, 72.102, 40.8, 1.79998
PHY_16, 5.52, 35.36, 1.79998
PHY_18, 5.52, 35.36, 1.79998
PHY_17, 94.3, 35.36, 1.79998
PHY_19, 94.3, 35.36, 1.79998
FILLER_0_8_186, 94.3, 35.36, 1.79998
FILLER_0_9_181, 94.3, 35.36, 1.79998
FILLER_0_9_51, 27.712, 35.36, 1.79998
_104_, 49.907, 35.36, 1.79998
_166_, 49.907, 35.36, 1.79998
_224_, 49.907, 35.36, 1.79998
_225_, 49.907, 35.36, 1.79998
FILLER_0_8_85, 49.907, 35.36, 1.79998
_106_, 72.102, 35.36, 1.79998
_165_, 72.102, 35.36, 1.79998
FILLER_0_8_135, 72.102, 35.36, 1.79998
PHY_12, 5.52, 29.92, 1.79998
PHY_14, 5.52, 29.92, 1.79998
input4, 5.52, 29.92, 1.79998
PHY_13, 94.3, 29.92, 1.79998
PHY_15, 94.3, 29.92, 1.79998
input27, 94.3, 29.92, 1.79998
FILLER_0_7_181, 94.3, 29.92, 1.79998
_200_, 49.907, 29.92, 1.79998
_223_, 49.907, 29.92, 1.79998
FILLER_0_7_105, 49.907, 29.92, 1.79998
FILLER_0_6_133, 72.102, 29.92, 1.79998
PHY_8, 5.52, 24.48, 1.79998
PHY_10, 5.52, 24.48, 1.79998
PHY_9, 94.3, 24.48, 1.79998
PHY_11, 94.3, 24.48, 1.79998
FILLER_0_5_181, 94.3, 24.48, 1.79998
FILLER_0_5_51, 27.712, 24.48, 1.79998
FILLER_0_5_105, 49.907, 24.48, 1.79998
FILLER_0_4_133, 72.102, 24.48, 1.79998
PHY_4, 5.52, 19.04, 1.79998
PHY_6, 5.52, 19.04, 1.79998
input26, 5.52, 19.04, 1.79998
PHY_5, 94.3, 19.04, 1.79998
PHY_7, 94.3, 19.04, 1.79998
input23, 94.3, 19.04, 1.79998
FILLER_0_3_181, 94.3, 19.04, 1.79998
FILLER_0_3_51, 27.712, 19.04, 1.79998
FILLER_0_3_105, 49.907, 19.04, 1.79998
FILLER_0_2_133, 72.102, 19.04, 1.79998
PHY_0, 5.52, 13.6, 1.79998
PHY_2, 5.52, 13.6, 1.79998
input16, 5.52, 13.6, 1.79998
input18, 5.52, 13.6, 1.79998
input24, 5.52, 13.6, 1.79998
_135_, 94.3, 13.6, 1.79998
PHY_1, 94.3, 13.6, 1.79998
PHY_3, 94.3, 13.6, 1.79998
input1, 94.3, 13.6, 1.79998
input13, 94.3, 13.6, 1.79998
FILLER_0_1_186, 94.3, 13.6, 1.79998
_127_, 27.712, 13.6, 1.79998
input5, 27.712, 13.6, 1.79998
FILLER_0_0_46, 27.712, 13.6, 1.79998
FILLER_0_1_39, 27.712, 13.6, 1.79998
FILLER_0_1_50, 27.712, 13.6, 1.79998
FILLER_0_1_105, 49.907, 13.6, 1.79998
input21, 72.102, 13.6, 1.79998
FILLER_0_0_137, 72.102, 13.6, 1.79998
FILLER_0_0_141, 72.102, 13.6, 1.79998

