
===========================================================================
report_checks -path_delay max (Setup)
============================================================================
======================= Typical Corner ===================================

Startpoint: _226_ (rising edge-triggered flip-flop clocked by clk)
Endpoint: sck (output port clocked by clk)
Path Group: clk
Path Type: max

Fanout     Cap    Slew   Delay    Time   Description
-----------------------------------------------------------------------------
                  0.15    0.00    0.00   clock clk (rise edge)
                          0.00    0.00   clock network delay (ideal)
                  0.15    0.00    0.00 ^ _226_/CLK (sky130_fd_sc_hd__dfrtp_4)
                  0.09    0.57    0.57 v _226_/Q (sky130_fd_sc_hd__dfrtp_4)
     6    0.02                           net34 (net)
                  0.09    0.00    0.57 v output34/A (sky130_fd_sc_hd__buf_2)
                  0.09    0.21    0.78 v output34/X (sky130_fd_sc_hd__buf_2)
     1    0.03                           sck (net)
                  0.09    0.00    0.78 v sck (out)
                                  0.78   data arrival time

                  0.15   10.00   10.00   clock clk (rise edge)
                          0.00   10.00   clock network delay (ideal)
                         -0.25    9.75   clock uncertainty
                          0.00    9.75   clock reconvergence pessimism
                         -2.00    7.75   output external delay
                                  7.75   data required time
-----------------------------------------------------------------------------
                                  7.75   data required time
                                 -0.78   data arrival time
-----------------------------------------------------------------------------
                                  6.97   slack (MET)


Startpoint: reset (input port clocked by clk)
Endpoint: _226_ (recovery check against rising-edge clock clk)
Path Group: asynchronous
Path Type: max

Fanout     Cap    Slew   Delay    Time   Description
-----------------------------------------------------------------------------
                  0.15    0.00    0.00   clock clk (rise edge)
                          0.00    0.00   clock network delay (ideal)
                          2.00    2.00 v input external delay
                  0.01    0.01    2.01 v reset (in)
     1    0.00                           reset (net)
                  0.01    0.00    2.01 v input17/A (sky130_fd_sc_hd__clkbuf_2)
                  0.09    0.14    2.15 v input17/X (sky130_fd_sc_hd__clkbuf_2)
     5    0.02                           net17 (net)
                  0.09    0.00    2.15 v _203_/A (sky130_fd_sc_hd__inv_2)
                  0.03    0.06    2.21 ^ _203_/Y (sky130_fd_sc_hd__inv_2)
     1    0.00                           _066_ (net)
                  0.03    0.00    2.21 ^ _226_/RESET_B (sky130_fd_sc_hd__dfrtp_4)
                                  2.21   data arrival time

                  0.15   10.00   10.00   clock clk (rise edge)
                          0.00   10.00   clock network delay (ideal)
                         -0.25    9.75   clock uncertainty
                          0.00    9.75   clock reconvergence pessimism
                                  9.75 ^ _226_/CLK (sky130_fd_sc_hd__dfrtp_4)
                          0.25   10.00   library recovery time
                                 10.00   data required time
-----------------------------------------------------------------------------
                                 10.00   data required time
                                 -2.21   data arrival time
-----------------------------------------------------------------------------
                                  7.79   slack (MET)


Startpoint: _226_ (rising edge-triggered flip-flop clocked by clk)
Endpoint: _226_ (rising edge-triggered flip-flop clocked by clk)
Path Group: clk
Path Type: max

Fanout     Cap    Slew   Delay    Time   Description
-----------------------------------------------------------------------------
                  0.15    0.00    0.00   clock clk (rise edge)
                          0.00    0.00   clock network delay (ideal)
                  0.15    0.00    0.00 ^ _226_/CLK (sky130_fd_sc_hd__dfrtp_4)
                  0.09    0.57    0.57 v _226_/Q (sky130_fd_sc_hd__dfrtp_4)
     6    0.02                           net34 (net)
                  0.09    0.00    0.57 v _168_/A (sky130_fd_sc_hd__buf_4)
                  0.07    0.21    0.78 v _168_/X (sky130_fd_sc_hd__buf_4)
    10    0.05                           _094_ (net)
                  0.07    0.00    0.78 v _169_/A (sky130_fd_sc_hd__inv_2)
                  0.03    0.05    0.83 ^ _169_/Y (sky130_fd_sc_hd__inv_2)
     1    0.00                           _000_ (net)
                  0.03    0.00    0.83 ^ _226_/D (sky130_fd_sc_hd__dfrtp_4)
                                  0.83   data arrival time

                  0.15   10.00   10.00   clock clk (rise edge)
                          0.00   10.00   clock network delay (ideal)
                         -0.25    9.75   clock uncertainty
                          0.00    9.75   clock reconvergence pessimism
                                  9.75 ^ _226_/CLK (sky130_fd_sc_hd__dfrtp_4)
                         -0.04    9.71   library setup time
                                  9.71   data required time
-----------------------------------------------------------------------------
                                  9.71   data required time
                                 -0.83   data arrival time
-----------------------------------------------------------------------------
                                  8.87   slack (MET)



