
===========================================================================
report_checks -path_delay max (Setup)
============================================================================
======================= Typical Corner ===================================

Startpoint: _226_ (rising edge-triggered flip-flop clocked by clk)
Endpoint: sck (output port clocked by clk)
Path Group: clk
Path Type: max

Fanout     Cap    Slew   Delay    Time   Description
-----------------------------------------------------------------------------
                  0.15    0.00    0.00   clock clk (rise edge)
                          0.00    0.00   clock network delay (ideal)
                  0.15    0.00    0.00 ^ _226_/CLK (sky130_fd_sc_hd__dfrtp_2)
                  0.27    0.59    0.59 ^ _226_/Q (sky130_fd_sc_hd__dfrtp_2)
     6    0.06                           sck (net)
                  0.27    0.00    0.59 ^ sck (out)
                                  0.59   data arrival time

                  0.15   10.00   10.00   clock clk (rise edge)
                          0.00   10.00   clock network delay (ideal)
                         -0.25    9.75   clock uncertainty
                          0.00    9.75   clock reconvergence pessimism
                         -2.00    7.75   output external delay
                                  7.75   data required time
-----------------------------------------------------------------------------
                                  7.75   data required time
                                 -0.59   data arrival time
-----------------------------------------------------------------------------
                                  7.16   slack (MET)


Startpoint: reset (input port clocked by clk)
Endpoint: _226_ (recovery check against rising-edge clock clk)
Path Group: asynchronous
Path Type: max

Fanout     Cap    Slew   Delay    Time   Description
-----------------------------------------------------------------------------
                  0.15    0.00    0.00   clock clk (rise edge)
                          0.00    0.00   clock network delay (ideal)
                          2.00    2.00 v input external delay
                  0.05    0.04    2.04 v reset (in)
     5    0.02                           reset (net)
                  0.05    0.00    2.04 v _203_/A (sky130_fd_sc_hd__inv_2)
                  0.03    0.05    2.09 ^ _203_/Y (sky130_fd_sc_hd__inv_2)
     1    0.00                           _066_ (net)
                  0.03    0.00    2.09 ^ _226_/RESET_B (sky130_fd_sc_hd__dfrtp_2)
                                  2.09   data arrival time

                  0.15   10.00   10.00   clock clk (rise edge)
                          0.00   10.00   clock network delay (ideal)
                         -0.25    9.75   clock uncertainty
                          0.00    9.75   clock reconvergence pessimism
                                  9.75 ^ _226_/CLK (sky130_fd_sc_hd__dfrtp_2)
                          0.26   10.01   library recovery time
                                 10.01   data required time
-----------------------------------------------------------------------------
                                 10.01   data required time
                                 -2.09   data arrival time
-----------------------------------------------------------------------------
                                  7.92   slack (MET)


Startpoint: _226_ (rising edge-triggered flip-flop clocked by clk)
Endpoint: _226_ (rising edge-triggered flip-flop clocked by clk)
Path Group: clk
Path Type: max

Fanout     Cap    Slew   Delay    Time   Description
-----------------------------------------------------------------------------
                  0.15    0.00    0.00   clock clk (rise edge)
                          0.00    0.00   clock network delay (ideal)
                  0.15    0.00    0.00 ^ _226_/CLK (sky130_fd_sc_hd__dfrtp_2)
                  0.27    0.59    0.59 ^ _226_/Q (sky130_fd_sc_hd__dfrtp_2)
     6    0.06                           sck (net)
                  0.27    0.00    0.59 ^ _168_/A (sky130_fd_sc_hd__buf_1)
                  0.58    0.52    1.11 ^ _168_/X (sky130_fd_sc_hd__buf_1)
    10    0.05                           _094_ (net)
                  0.58    0.00    1.11 ^ _169_/A (sky130_fd_sc_hd__inv_2)
                  0.07    0.04    1.15 v _169_/Y (sky130_fd_sc_hd__inv_2)
     1    0.00                           _000_ (net)
                  0.07    0.00    1.15 v _226_/D (sky130_fd_sc_hd__dfrtp_2)
                                  1.15   data arrival time

                  0.15   10.00   10.00   clock clk (rise edge)
                          0.00   10.00   clock network delay (ideal)
                         -0.25    9.75   clock uncertainty
                          0.00    9.75   clock reconvergence pessimism
                                  9.75 ^ _226_/CLK (sky130_fd_sc_hd__dfrtp_2)
                         -0.10    9.65   library setup time
                                  9.65   data required time
-----------------------------------------------------------------------------
                                  9.65   data required time
                                 -1.15   data arrival time
-----------------------------------------------------------------------------
                                  8.50   slack (MET)



