
===========================================================================
report_checks -path_delay max (Setup)
============================================================================
======================= Typical Corner ===================================

Startpoint: _226_ (rising edge-triggered flip-flop clocked by clk)
Endpoint: sck (output port clocked by clk)
Path Group: clk
Path Type: max

Fanout     Cap    Slew   Delay    Time   Description
-----------------------------------------------------------------------------
                  0.15    0.00    0.00   clock clk (rise edge)
                          0.00    0.00   clock network delay (ideal)
                  0.15    0.00    0.00 ^ _226_/CLK (sky130_fd_sc_hd__dfrtp_2)
                  0.25    0.57    0.57 ^ _226_/Q (sky130_fd_sc_hd__dfrtp_2)
     6    0.05                           sck (net)
                  0.25    0.00    0.57 ^ sck (out)
                                  0.57   data arrival time

                  0.15   10.00   10.00   clock clk (rise edge)
                          0.00   10.00   clock network delay (ideal)
                         -0.25    9.75   clock uncertainty
                          0.00    9.75   clock reconvergence pessimism
                         -2.00    7.75   output external delay
                                  7.75   data required time
-----------------------------------------------------------------------------
                                  7.75   data required time
                                 -0.57   data arrival time
-----------------------------------------------------------------------------
                                  7.18   slack (MET)


Startpoint: reset (input port clocked by clk)
Endpoint: _226_ (recovery check against rising-edge clock clk)
Path Group: asynchronous
Path Type: max

Fanout     Cap    Slew   Delay    Time   Description
-----------------------------------------------------------------------------
                  0.15    0.00    0.00   clock clk (rise edge)
                          0.00    0.00   clock network delay (ideal)
                          2.00    2.00 v input external delay
                  0.04    0.03    2.03 v reset (in)
     5    0.02                           reset (net)
                  0.04    0.00    2.03 v _203_/A (sky130_fd_sc_hd__inv_2)
                  0.03    0.04    2.07 ^ _203_/Y (sky130_fd_sc_hd__inv_2)
     1    0.00                           _066_ (net)
                  0.03    0.00    2.07 ^ _226_/RESET_B (sky130_fd_sc_hd__dfrtp_2)
                                  2.07   data arrival time

                  0.15   10.00   10.00   clock clk (rise edge)
                          0.00   10.00   clock network delay (ideal)
                         -0.25    9.75   clock uncertainty
                          0.00    9.75   clock reconvergence pessimism
                                  9.75 ^ _226_/CLK (sky130_fd_sc_hd__dfrtp_2)
                          0.26   10.01   library recovery time
                                 10.01   data required time
-----------------------------------------------------------------------------
                                 10.01   data required time
                                 -2.07   data arrival time
-----------------------------------------------------------------------------
                                  7.94   slack (MET)


Startpoint: _226_ (rising edge-triggered flip-flop clocked by clk)
Endpoint: _226_ (rising edge-triggered flip-flop clocked by clk)
Path Group: clk
Path Type: max

Fanout     Cap    Slew   Delay    Time   Description
-----------------------------------------------------------------------------
                  0.15    0.00    0.00   clock clk (rise edge)
                          0.00    0.00   clock network delay (ideal)
                  0.15    0.00    0.00 ^ _226_/CLK (sky130_fd_sc_hd__dfrtp_2)
                  0.25    0.57    0.57 ^ _226_/Q (sky130_fd_sc_hd__dfrtp_2)
     6    0.05                           sck (net)
                  0.25    0.00    0.57 ^ _168_/A (sky130_fd_sc_hd__buf_1)
                  0.54    0.49    1.06 ^ _168_/X (sky130_fd_sc_hd__buf_1)
    10    0.05                           _094_ (net)
                  0.54    0.00    1.06 ^ _169_/A (sky130_fd_sc_hd__inv_2)
                  0.07    0.04    1.10 v _169_/Y (sky130_fd_sc_hd__inv_2)
     1    0.00                           _000_ (net)
                  0.07    0.00    1.10 v _226_/D (sky130_fd_sc_hd__dfrtp_2)
                                  1.10   data arrival time

                  0.15   10.00   10.00   clock clk (rise edge)
                          0.00   10.00   clock network delay (ideal)
                         -0.25    9.75   clock uncertainty
                          0.00    9.75   clock reconvergence pessimism
                                  9.75 ^ _226_/CLK (sky130_fd_sc_hd__dfrtp_2)
                         -0.10    9.65   library setup time
                                  9.65   data required time
-----------------------------------------------------------------------------
                                  9.65   data required time
                                 -1.10   data arrival time
-----------------------------------------------------------------------------
                                  8.55   slack (MET)



