
===========================================================================
report_checks -path_delay min (Hold)
============================================================================
======================= Typical Corner ===================================

Startpoint: _226_ (rising edge-triggered flip-flop clocked by clk)
Endpoint: _226_ (rising edge-triggered flip-flop clocked by clk)
Path Group: clk
Path Type: min

Fanout     Cap    Slew   Delay    Time   Description
-----------------------------------------------------------------------------
                          0.00    0.00   clock clk (rise edge)
                          0.00    0.00   clock source latency
                  0.02    0.01    0.01 ^ clk (in)
     1    0.00                           clk (net)
                  0.02    0.00    0.01 ^ _226_/CLK (sky130_fd_sc_hd__dfrtp_4)
                  0.11    0.42    0.43 ^ _226_/Q (sky130_fd_sc_hd__dfrtp_4)
     6    0.03                           net34 (net)
                  0.11    0.00    0.43 ^ _168_/A (sky130_fd_sc_hd__buf_4)
                  0.14    0.19    0.62 ^ _168_/X (sky130_fd_sc_hd__buf_4)
    10    0.05                           _094_ (net)
                  0.14    0.00    0.62 ^ _169_/A (sky130_fd_sc_hd__inv_2)
                  0.03    0.03    0.65 v _169_/Y (sky130_fd_sc_hd__inv_2)
     1    0.00                           _000_ (net)
                  0.03    0.00    0.65 v _226_/D (sky130_fd_sc_hd__dfrtp_4)
                                  0.65   data arrival time

                          0.00    0.00   clock clk (rise edge)
                          0.00    0.00   clock source latency
                  0.02    0.01    0.01 ^ clk (in)
     1    0.00                           clk (net)
                  0.02    0.00    0.01 ^ _226_/CLK (sky130_fd_sc_hd__dfrtp_4)
                          0.25    0.26   clock uncertainty
                          0.00    0.26   clock reconvergence pessimism
                         -0.04    0.22   library hold time
                                  0.22   data required time
-----------------------------------------------------------------------------
                                  0.22   data required time
                                 -0.65   data arrival time
-----------------------------------------------------------------------------
                                  0.44   slack (MET)


Startpoint: reset (input port clocked by clk)
Endpoint: _226_ (removal check against rising-edge clock clk)
Path Group: asynchronous
Path Type: min

Fanout     Cap    Slew   Delay    Time   Description
-----------------------------------------------------------------------------
                          0.00    0.00   clock clk (rise edge)
                          0.00    0.00   clock network delay (propagated)
                          2.00    2.00 v input external delay
                  0.01    0.00    2.00 v reset (in)
     1    0.00                           reset (net)
                  0.01    0.00    2.00 v input17/A (sky130_fd_sc_hd__clkbuf_2)
                  0.07    0.12    2.12 v input17/X (sky130_fd_sc_hd__clkbuf_2)
     5    0.02                           net17 (net)
                  0.07    0.00    2.12 v _203_/A (sky130_fd_sc_hd__inv_2)
                  0.03    0.05    2.18 ^ _203_/Y (sky130_fd_sc_hd__inv_2)
     1    0.00                           _066_ (net)
                  0.03    0.00    2.18 ^ _226_/RESET_B (sky130_fd_sc_hd__dfrtp_4)
                                  2.18   data arrival time

                          0.00    0.00   clock clk (rise edge)
                          0.00    0.00   clock source latency
                  0.02    0.01    0.01 ^ clk (in)
     1    0.00                           clk (net)
                  0.02    0.00    0.01 ^ _226_/CLK (sky130_fd_sc_hd__dfrtp_4)
                          0.25    0.26   clock uncertainty
                          0.00    0.26   clock reconvergence pessimism
                          0.31    0.57   library removal time
                                  0.57   data required time
-----------------------------------------------------------------------------
                                  0.57   data required time
                                 -2.18   data arrival time
-----------------------------------------------------------------------------
                                  1.61   slack (MET)


Startpoint: _226_ (rising edge-triggered flip-flop clocked by clk)
Endpoint: sck (output port clocked by clk)
Path Group: clk
Path Type: min

Fanout     Cap    Slew   Delay    Time   Description
-----------------------------------------------------------------------------
                          0.00    0.00   clock clk (rise edge)
                          0.00    0.00   clock source latency
                  0.02    0.01    0.01 ^ clk (in)
     1    0.00                           clk (net)
                  0.02    0.00    0.01 ^ _226_/CLK (sky130_fd_sc_hd__dfrtp_4)
                  0.11    0.42    0.43 ^ _226_/Q (sky130_fd_sc_hd__dfrtp_4)
     6    0.03                           net34 (net)
                  0.11    0.00    0.43 ^ output34/A (sky130_fd_sc_hd__clkbuf_4)
                  0.11    0.20    0.63 ^ output34/X (sky130_fd_sc_hd__clkbuf_4)
     1    0.03                           sck (net)
                  0.11    0.00    0.63 ^ sck (out)
                                  0.63   data arrival time

                          0.00    0.00   clock clk (rise edge)
                          0.00    0.00   clock network delay (propagated)
                          0.25    0.25   clock uncertainty
                          0.00    0.25   clock reconvergence pessimism
                         -2.00   -1.75   output external delay
                                 -1.75   data required time
-----------------------------------------------------------------------------
                                 -1.75   data required time
                                 -0.63   data arrival time
-----------------------------------------------------------------------------
                                  2.38   slack (MET)



