
===========================================================================
 report_power
============================================================================
======================= Fastest Corner ===================================

Group                  Internal  Switching    Leakage      Total
                          Power      Power      Power      Power (Watts)
----------------------------------------------------------------
Sequential             2.44e-05   1.22e-05   1.10e-07   3.67e-05  51.7%
Combinational          1.60e-05   1.82e-05   1.32e-09   3.43e-05  48.3%
Macro                  0.00e+00   0.00e+00   0.00e+00   0.00e+00   0.0%
Pad                    0.00e+00   0.00e+00   0.00e+00   0.00e+00   0.0%
----------------------------------------------------------------
Total                  4.04e-05   3.04e-05   1.11e-07   7.09e-05 100.0%
                          57.0%      42.9%       0.2%

======================= Slowest Corner ===================================

Group                  Internal  Switching    Leakage      Total
                          Power      Power      Power      Power (Watts)
----------------------------------------------------------------
Sequential             1.67e-05   7.96e-06   4.38e-07   2.51e-05  49.7%
Combinational          1.29e-05   1.19e-05   5.85e-07   2.54e-05  50.3%
Macro                  0.00e+00   0.00e+00   0.00e+00   0.00e+00   0.0%
Pad                    0.00e+00   0.00e+00   0.00e+00   0.00e+00   0.0%
----------------------------------------------------------------
Total                  2.96e-05   1.99e-05   1.02e-06   5.05e-05 100.0%
                          58.7%      39.3%       2.0%

======================= Typical Corner ===================================

Group                  Internal  Switching    Leakage      Total
                          Power      Power      Power      Power (Watts)
----------------------------------------------------------------
Sequential             2.12e-05   1.02e-05   1.10e-07   3.15e-05  50.4%
Combinational          1.56e-05   1.54e-05   9.77e-10   3.10e-05  49.6%
Macro                  0.00e+00   0.00e+00   0.00e+00   0.00e+00   0.0%
Pad                    0.00e+00   0.00e+00   0.00e+00   0.00e+00   0.0%
----------------------------------------------------------------
Total                  3.68e-05   2.56e-05   1.11e-07   6.26e-05 100.0%
                          58.9%      41.0%       0.2%

