
===========================================================================
 report_power
============================================================================
======================= Fastest Corner ===================================

Group                  Internal  Switching    Leakage      Total
                          Power      Power      Power      Power (Watts)
----------------------------------------------------------------
Sequential             2.45e-05   1.18e-05   1.10e-07   3.64e-05  52.0%
Combinational          1.60e-05   1.75e-05   1.32e-09   3.35e-05  48.0%
Macro                  0.00e+00   0.00e+00   0.00e+00   0.00e+00   0.0%
Pad                    0.00e+00   0.00e+00   0.00e+00   0.00e+00   0.0%
----------------------------------------------------------------
Total                  4.05e-05   2.93e-05   1.11e-07   6.99e-05 100.0%
                          57.9%      42.0%       0.2%

======================= Slowest Corner ===================================

Group                  Internal  Switching    Leakage      Total
                          Power      Power      Power      Power (Watts)
----------------------------------------------------------------
Sequential             1.67e-05   7.69e-06   4.38e-07   2.49e-05  49.9%
Combinational          1.29e-05   1.14e-05   5.85e-07   2.50e-05  50.1%
Macro                  0.00e+00   0.00e+00   0.00e+00   0.00e+00   0.0%
Pad                    0.00e+00   0.00e+00   0.00e+00   0.00e+00   0.0%
----------------------------------------------------------------
Total                  2.97e-05   1.91e-05   1.02e-06   4.98e-05 100.0%
                          59.6%      38.4%       2.1%

======================= Typical Corner ===================================

Group                  Internal  Switching    Leakage      Total
                          Power      Power      Power      Power (Watts)
----------------------------------------------------------------
Sequential             2.13e-05   9.87e-06   1.10e-07   3.13e-05  50.7%
Combinational          1.56e-05   1.48e-05   9.77e-10   3.04e-05  49.3%
Macro                  0.00e+00   0.00e+00   0.00e+00   0.00e+00   0.0%
Pad                    0.00e+00   0.00e+00   0.00e+00   0.00e+00   0.0%
----------------------------------------------------------------
Total                  3.69e-05   2.47e-05   1.11e-07   6.17e-05 100.0%
                          59.8%      40.0%       0.2%

